nohup: ignoring input
LAST_CHECKED_ID: last_checked_id =  526379098805768194
ERROR:  sharing is not permissible for this status (Share validations failed)
ERROR: Next post is the error'd one.
POST INFORMATION: id =  527111101855830016 text =  Sunshine. Fall leaves. What a beautiful day at Wheeling's Heritage Port! #Wheeling #WV #WheelingHeritage http://t.co/eHHCi0ImXG
LAST_CHECKED_ID: last_checked_id =  527111101855830016
ERROR:  sharing is not permissible for this status (Share validations failed)
ERROR: Next post is the error'd one.
POST INFORMATION: id =  527107051634577408 text =  Popcorn orders are turned in (@ Ohio River Vally Council, BSA in Wheeling, WV) https://t.co/6hbXRp23OL
LAST_CHECKED_ID: last_checked_id =  527107051634577408
ERROR:  sharing is not permissible for this status (Share validations failed)
ERROR: Next post is the error'd one.
POST INFORMATION: id =  526901886855954432 text =  RT @PonceDeLeioun: My Big Homie @_TattedUpShawty fittn come show you other artist how we do things in Wheeling Wv this Wednesday! #music ht…
LAST_CHECKED_ID: last_checked_id =  526901886855954432
ERROR:  sharing is not permissible for this status (Share validations failed)
ERROR: Next post is the error'd one.
POST INFORMATION: id =  526898808199061504 text =  I'm at Ohio/West Virginia State Line in Wheeling, WV https://t.co/RhbL9uCoI7
LAST_CHECKED_ID: last_checked_id =  526898808199061504
ERROR:  sharing is not permissible for this status (Share validations failed)
ERROR: Next post is the error'd one.
POST INFORMATION: id =  526863081469538305 text =  RT @PonceDeLeioun: My Big Homie @_TattedUpShawty fittn come show you other artist how we do things in Wheeling Wv this Wednesday! #music ht…
LAST_CHECKED_ID: last_checked_id =  526863081469538305
ERROR:  sharing is not permissible for this status (Share validations failed)
ERROR: Next post is the error'd one.
POST INFORMATION: id =  526855719144796160 text =  My Big Homie @_TattedUpShawty fittn come show you other artist how we do things in Wheeling Wv this Wednesday! #music http://t.co/eMlSnFlGbD
LAST_CHECKED_ID: last_checked_id =  526855719144796160
ERROR:  sharing is not permissible for this status (Share validations failed)
ERROR: Next post is the error'd one.
POST INFORMATION: id =  526733649665081344 text =  Nice fall morning over Wheeling, WV. http://t.co/vqCoFvLwxO
LAST_CHECKED_ID: last_checked_id =  526733649665081344
ERROR:  sharing is not permissible for this status (Share validations failed)
ERROR: Next post is the error'd one.
POST INFORMATION: id =  526726639871614976 text =  My view for the next few days. :) #Wheeling #WV #fall #APCOconference #work #911 #ohyeah… http://t.co/sSYOqtWZ3Y
LAST_CHECKED_ID: last_checked_id =  526726639871614976
ERROR:  sharing is not permissible for this status (Share validations failed)
ERROR: Next post is the error'd one.
POST INFORMATION: id =  526672712400662528 text =  @TATravelCenters You have a major security flaw on the lock system on the showers. I don't know if it's all stores or just in Wheeling, WV.
LAST_CHECKED_ID: last_checked_id =  526672712400662528
ERROR:  sharing is not permissible for this status (Share validations failed)
ERROR: Next post is the error'd one.
POST INFORMATION: id =  526513198707793921 text =  @lindacohn  The 49th Wheeling (WV) Nailer to reach the NHL.
LAST_CHECKED_ID: last_checked_id =  526513198707793921
ERROR:  sharing is not permissible for this status (Share validations failed)
ERROR: Next post is the error'd one.
POST INFORMATION: id =  526461273152581632 text =  #Wheeling, WV #SkilledTrade #Job: Ultrasound Technologist at Wheeling Hospital http://t.co/8vodZzz2vG #VeteranJob #Jobs
LAST_CHECKED_ID: last_checked_id =  526461273152581632
ERROR:  sharing is not permissible for this status (Share validations failed)
ERROR: Next post is the error'd one.
POST INFORMATION: id =  526428876944449536 text =  @kezmondo222 @Pamm0209 @TheoloGOP Am about to listen to the Goody's 500 on @MRNRadio through WEGW in Wheeling, WV.
LAST_CHECKED_ID: last_checked_id =  526428876944449536
ERROR:  sharing is not permissible for this status (Share validations failed)
ERROR: Next post is the error'd one.
POST INFORMATION: id =  526379297733640192 text =  RT @RockyFitzWV: Congrats to the Wheeling Park golf team! They claimed their second Class AAA state championship! http://t.co/DLLNhFhfv7
LAST_CHECKED_ID: last_checked_id =  526379297733640192
SLEEP: Sleeping for  1800  seconds
SLEEP: Finished sleeping. Restarting search.
LAST_CHECKED_ID: last_checked_id =  526379297733640192
ERROR:  sharing is not permissible for this status (Share validations failed)
ERROR: Next post is the error'd one.
POST INFORMATION: id =  527111101855830016 text =  Sunshine. Fall leaves. What a beautiful day at Wheeling's Heritage Port! #Wheeling #WV #WheelingHeritage http://t.co/eHHCi0ImXG
LAST_CHECKED_ID: last_checked_id =  527111101855830016
ERROR:  sharing is not permissible for this status (Share validations failed)
ERROR: Next post is the error'd one.
POST INFORMATION: id =  527107051634577408 text =  Popcorn orders are turned in (@ Ohio River Vally Council, BSA in Wheeling, WV) https://t.co/6hbXRp23OL
LAST_CHECKED_ID: last_checked_id =  527107051634577408
ERROR:  sharing is not permissible for this status (Share validations failed)
ERROR: Next post is the error'd one.
POST INFORMATION: id =  526901886855954432 text =  RT @PonceDeLeioun: My Big Homie @_TattedUpShawty fittn come show you other artist how we do things in Wheeling Wv this Wednesday! #music ht…
LAST_CHECKED_ID: last_checked_id =  526901886855954432
ERROR:  sharing is not permissible for this status (Share validations failed)
ERROR: Next post is the error'd one.
POST INFORMATION: id =  526898808199061504 text =  I'm at Ohio/West Virginia State Line in Wheeling, WV https://t.co/RhbL9uCoI7
LAST_CHECKED_ID: last_checked_id =  526898808199061504
ERROR:  sharing is not permissible for this status (Share validations failed)
ERROR: Next post is the error'd one.
POST INFORMATION: id =  526863081469538305 text =  RT @PonceDeLeioun: My Big Homie @_TattedUpShawty fittn come show you other artist how we do things in Wheeling Wv this Wednesday! #music ht…
LAST_CHECKED_ID: last_checked_id =  526863081469538305
ERROR:  sharing is not permissible for this status (Share validations failed)
ERROR: Next post is the error'd one.
POST INFORMATION: id =  526855719144796160 text =  My Big Homie @_TattedUpShawty fittn come show you other artist how we do things in Wheeling Wv this Wednesday! #music http://t.co/eMlSnFlGbD
LAST_CHECKED_ID: last_checked_id =  526855719144796160
ERROR:  sharing is not permissible for this status (Share validations failed)
ERROR: Next post is the error'd one.
POST INFORMATION: id =  526733649665081344 text =  Nice fall morning over Wheeling, WV. http://t.co/vqCoFvLwxO
LAST_CHECKED_ID: last_checked_id =  526733649665081344
ERROR:  sharing is not permissible for this status (Share validations failed)
ERROR: Next post is the error'd one.
POST INFORMATION: id =  526726639871614976 text =  My view for the next few days. :) #Wheeling #WV #fall #APCOconference #work #911 #ohyeah… http://t.co/sSYOqtWZ3Y
LAST_CHECKED_ID: last_checked_id =  526726639871614976
ERROR:  sharing is not permissible for this status (Share validations failed)
ERROR: Next post is the error'd one.
POST INFORMATION: id =  526672712400662528 text =  @TATravelCenters You have a major security flaw on the lock system on the showers. I don't know if it's all stores or just in Wheeling, WV.
LAST_CHECKED_ID: last_checked_id =  526672712400662528
ERROR:  sharing is not permissible for this status (Share validations failed)
ERROR: Next post is the error'd one.
POST INFORMATION: id =  526513198707793921 text =  @lindacohn  The 49th Wheeling (WV) Nailer to reach the NHL.
LAST_CHECKED_ID: last_checked_id =  526513198707793921
ERROR:  sharing is not permissible for this status (Share validations failed)
ERROR: Next post is the error'd one.
POST INFORMATION: id =  526461273152581632 text =  #Wheeling, WV #SkilledTrade #Job: Ultrasound Technologist at Wheeling Hospital http://t.co/8vodZzz2vG #VeteranJob #Jobs
LAST_CHECKED_ID: last_checked_id =  526461273152581632
ERROR:  sharing is not permissible for this status (Share validations failed)
ERROR: Next post is the error'd one.
POST INFORMATION: id =  526428876944449536 text =  @kezmondo222 @Pamm0209 @TheoloGOP Am about to listen to the Goody's 500 on @MRNRadio through WEGW in Wheeling, WV.
LAST_CHECKED_ID: last_checked_id =  526428876944449536
SLEEP: Sleeping for  1800  seconds
SLEEP: Finished sleeping. Restarting search.
LAST_CHECKED_ID: last_checked_id =  526428876944449536
ERROR:  sharing is not permissible for this status (Share validations failed)
ERROR: Next post is the error'd one.
POST INFORMATION: id =  527111101855830016 text =  Sunshine. Fall leaves. What a beautiful day at Wheeling's Heritage Port! #Wheeling #WV #WheelingHeritage http://t.co/eHHCi0ImXG
LAST_CHECKED_ID: last_checked_id =  527111101855830016
ERROR:  sharing is not permissible for this status (Share validations failed)
ERROR: Next post is the error'd one.
POST INFORMATION: id =  527107051634577408 text =  Popcorn orders are turned in (@ Ohio River Vally Council, BSA in Wheeling, WV) https://t.co/6hbXRp23OL
LAST_CHECKED_ID: last_checked_id =  527107051634577408
ERROR:  sharing is not permissible for this status (Share validations failed)
ERROR: Next post is the error'd one.
POST INFORMATION: id =  526901886855954432 text =  RT @PonceDeLeioun: My Big Homie @_TattedUpShawty fittn come show you other artist how we do things in Wheeling Wv this Wednesday! #music ht…
LAST_CHECKED_ID: last_checked_id =  526901886855954432
ERROR:  sharing is not permissible for this status (Share validations failed)
ERROR: Next post is the error'd one.
POST INFORMATION: id =  526898808199061504 text =  I'm at Ohio/West Virginia State Line in Wheeling, WV https://t.co/RhbL9uCoI7
LAST_CHECKED_ID: last_checked_id =  526898808199061504
ERROR:  sharing is not permissible for this status (Share validations failed)
ERROR: Next post is the error'd one.
POST INFORMATION: id =  526863081469538305 text =  RT @PonceDeLeioun: My Big Homie @_TattedUpShawty fittn come show you other artist how we do things in Wheeling Wv this Wednesday! #music ht…
LAST_CHECKED_ID: last_checked_id =  526863081469538305
ERROR:  sharing is not permissible for this status (Share validations failed)
ERROR: Next post is the error'd one.
POST INFORMATION: id =  526855719144796160 text =  My Big Homie @_TattedUpShawty fittn come show you other artist how we do things in Wheeling Wv this Wednesday! #music http://t.co/eMlSnFlGbD
LAST_CHECKED_ID: last_checked_id =  526855719144796160
ERROR:  sharing is not permissible for this status (Share validations failed)
ERROR: Next post is the error'd one.
POST INFORMATION: id =  526733649665081344 text =  Nice fall morning over Wheeling, WV. http://t.co/vqCoFvLwxO
LAST_CHECKED_ID: last_checked_id =  526733649665081344
ERROR:  sharing is not permissible for this status (Share validations failed)
ERROR: Next post is the error'd one.
POST INFORMATION: id =  526726639871614976 text =  My view for the next few days. :) #Wheeling #WV #fall #APCOconference #work #911 #ohyeah… http://t.co/sSYOqtWZ3Y
LAST_CHECKED_ID: last_checked_id =  526726639871614976
ERROR:  sharing is not permissible for this status (Share validations failed)
ERROR: Next post is the error'd one.
POST INFORMATION: id =  526672712400662528 text =  @TATravelCenters You have a major security flaw on the lock system on the showers. I don't know if it's all stores or just in Wheeling, WV.
LAST_CHECKED_ID: last_checked_id =  526672712400662528
ERROR:  sharing is not permissible for this status (Share validations failed)
ERROR: Next post is the error'd one.
POST INFORMATION: id =  526513198707793921 text =  @lindacohn  The 49th Wheeling (WV) Nailer to reach the NHL.
LAST_CHECKED_ID: last_checked_id =  526513198707793921
ERROR:  sharing is not permissible for this status (Share validations failed)
ERROR: Next post is the error'd one.
POST INFORMATION: id =  526461273152581632 text =  #Wheeling, WV #SkilledTrade #Job: Ultrasound Technologist at Wheeling Hospital http://t.co/8vodZzz2vG #VeteranJob #Jobs
LAST_CHECKED_ID: last_checked_id =  526461273152581632
SLEEP: Sleeping for  1800  seconds
SLEEP: Finished sleeping. Restarting search.
LAST_CHECKED_ID: last_checked_id =  526461273152581632
POST INFORMATION: id =  527141908095963136 text =  Wish I could be in Wheeling, WV today to take a walk with Brittany and Guinevere. Such a nice day. #perfectweather
LAST_CHECKED_ID: last_checked_id =  527141908095963136
ERROR:  sharing is not permissible for this status (Share validations failed)
ERROR: Next post is the error'd one.
POST INFORMATION: id =  527111101855830016 text =  Sunshine. Fall leaves. What a beautiful day at Wheeling's Heritage Port! #Wheeling #WV #WheelingHeritage http://t.co/eHHCi0ImXG
LAST_CHECKED_ID: last_checked_id =  527111101855830016
ERROR:  sharing is not permissible for this status (Share validations failed)
ERROR: Next post is the error'd one.
POST INFORMATION: id =  527107051634577408 text =  Popcorn orders are turned in (@ Ohio River Vally Council, BSA in Wheeling, WV) https://t.co/6hbXRp23OL
LAST_CHECKED_ID: last_checked_id =  527107051634577408
ERROR:  sharing is not permissible for this status (Share validations failed)
ERROR: Next post is the error'd one.
POST INFORMATION: id =  526901886855954432 text =  RT @PonceDeLeioun: My Big Homie @_TattedUpShawty fittn come show you other artist how we do things in Wheeling Wv this Wednesday! #music ht…
LAST_CHECKED_ID: last_checked_id =  526901886855954432
ERROR:  sharing is not permissible for this status (Share validations failed)
ERROR: Next post is the error'd one.
POST INFORMATION: id =  526898808199061504 text =  I'm at Ohio/West Virginia State Line in Wheeling, WV https://t.co/RhbL9uCoI7
LAST_CHECKED_ID: last_checked_id =  526898808199061504
ERROR:  sharing is not permissible for this status (Share validations failed)
ERROR: Next post is the error'd one.
POST INFORMATION: id =  526863081469538305 text =  RT @PonceDeLeioun: My Big Homie @_TattedUpShawty fittn come show you other artist how we do things in Wheeling Wv this Wednesday! #music ht…
LAST_CHECKED_ID: last_checked_id =  526863081469538305
ERROR:  sharing is not permissible for this status (Share validations failed)
ERROR: Next post is the error'd one.
POST INFORMATION: id =  526855719144796160 text =  My Big Homie @_TattedUpShawty fittn come show you other artist how we do things in Wheeling Wv this Wednesday! #music http://t.co/eMlSnFlGbD
LAST_CHECKED_ID: last_checked_id =  526855719144796160
ERROR:  sharing is not permissible for this status (Share validations failed)
ERROR: Next post is the error'd one.
POST INFORMATION: id =  526733649665081344 text =  Nice fall morning over Wheeling, WV. http://t.co/vqCoFvLwxO
LAST_CHECKED_ID: last_checked_id =  526733649665081344
ERROR:  sharing is not permissible for this status (Share validations failed)
ERROR: Next post is the error'd one.
POST INFORMATION: id =  526726639871614976 text =  My view for the next few days. :) #Wheeling #WV #fall #APCOconference #work #911 #ohyeah… http://t.co/sSYOqtWZ3Y
LAST_CHECKED_ID: last_checked_id =  526726639871614976
ERROR:  sharing is not permissible for this status (Share validations failed)
ERROR: Next post is the error'd one.
POST INFORMATION: id =  526672712400662528 text =  @TATravelCenters You have a major security flaw on the lock system on the showers. I don't know if it's all stores or just in Wheeling, WV.
LAST_CHECKED_ID: last_checked_id =  526672712400662528
ERROR:  sharing is not permissible for this status (Share validations failed)
ERROR: Next post is the error'd one.
POST INFORMATION: id =  526513198707793921 text =  @lindacohn  The 49th Wheeling (WV) Nailer to reach the NHL.
LAST_CHECKED_ID: last_checked_id =  526513198707793921
SLEEP: Sleeping for  1800  seconds
SLEEP: Finished sleeping. Restarting search.
LAST_CHECKED_ID: last_checked_id =  526513198707793921
ERROR:  sharing is not permissible for this status (Share validations failed)
ERROR: Next post is the error'd one.
POST INFORMATION: id =  527141908095963136 text =  Wish I could be in Wheeling, WV today to take a walk with Brittany and Guinevere. Such a nice day. #perfectweather
LAST_CHECKED_ID: last_checked_id =  527141908095963136
ERROR:  sharing is not permissible for this status (Share validations failed)
ERROR: Next post is the error'd one.
POST INFORMATION: id =  527111101855830016 text =  Sunshine. Fall leaves. What a beautiful day at Wheeling's Heritage Port! #Wheeling #WV #WheelingHeritage http://t.co/eHHCi0ImXG
LAST_CHECKED_ID: last_checked_id =  527111101855830016
ERROR:  sharing is not permissible for this status (Share validations failed)
ERROR: Next post is the error'd one.
POST INFORMATION: id =  527107051634577408 text =  Popcorn orders are turned in (@ Ohio River Vally Council, BSA in Wheeling, WV) https://t.co/6hbXRp23OL
LAST_CHECKED_ID: last_checked_id =  527107051634577408
ERROR:  sharing is not permissible for this status (Share validations failed)
ERROR: Next post is the error'd one.
POST INFORMATION: id =  526901886855954432 text =  RT @PonceDeLeioun: My Big Homie @_TattedUpShawty fittn come show you other artist how we do things in Wheeling Wv this Wednesday! #music ht…
LAST_CHECKED_ID: last_checked_id =  526901886855954432
ERROR:  sharing is not permissible for this status (Share validations failed)
ERROR: Next post is the error'd one.
POST INFORMATION: id =  526898808199061504 text =  I'm at Ohio/West Virginia State Line in Wheeling, WV https://t.co/RhbL9uCoI7
LAST_CHECKED_ID: last_checked_id =  526898808199061504
ERROR:  sharing is not permissible for this status (Share validations failed)
ERROR: Next post is the error'd one.
POST INFORMATION: id =  526863081469538305 text =  RT @PonceDeLeioun: My Big Homie @_TattedUpShawty fittn come show you other artist how we do things in Wheeling Wv this Wednesday! #music ht…
LAST_CHECKED_ID: last_checked_id =  526863081469538305
ERROR:  sharing is not permissible for this status (Share validations failed)
ERROR: Next post is the error'd one.
POST INFORMATION: id =  526855719144796160 text =  My Big Homie @_TattedUpShawty fittn come show you other artist how we do things in Wheeling Wv this Wednesday! #music http://t.co/eMlSnFlGbD
LAST_CHECKED_ID: last_checked_id =  526855719144796160
ERROR:  sharing is not permissible for this status (Share validations failed)
ERROR: Next post is the error'd one.
POST INFORMATION: id =  526733649665081344 text =  Nice fall morning over Wheeling, WV. http://t.co/vqCoFvLwxO
LAST_CHECKED_ID: last_checked_id =  526733649665081344
ERROR:  sharing is not permissible for this status (Share validations failed)
ERROR: Next post is the error'd one.
POST INFORMATION: id =  526726639871614976 text =  My view for the next few days. :) #Wheeling #WV #fall #APCOconference #work #911 #ohyeah… http://t.co/sSYOqtWZ3Y
LAST_CHECKED_ID: last_checked_id =  526726639871614976
ERROR:  sharing is not permissible for this status (Share validations failed)
ERROR: Next post is the error'd one.
POST INFORMATION: id =  526672712400662528 text =  @TATravelCenters You have a major security flaw on the lock system on the showers. I don't know if it's all stores or just in Wheeling, WV.
LAST_CHECKED_ID: last_checked_id =  526672712400662528
SLEEP: Sleeping for  1800  seconds
SLEEP: Finished sleeping. Restarting search.
LAST_CHECKED_ID: last_checked_id =  526672712400662528
ERROR:  sharing is not permissible for this status (Share validations failed)
ERROR: Next post is the error'd one.
POST INFORMATION: id =  527141908095963136 text =  Wish I could be in Wheeling, WV today to take a walk with Brittany and Guinevere. Such a nice day. #perfectweather
LAST_CHECKED_ID: last_checked_id =  527141908095963136
ERROR:  sharing is not permissible for this status (Share validations failed)
ERROR: Next post is the error'd one.
POST INFORMATION: id =  527111101855830016 text =  Sunshine. Fall leaves. What a beautiful day at Wheeling's Heritage Port! #Wheeling #WV #WheelingHeritage http://t.co/eHHCi0ImXG
LAST_CHECKED_ID: last_checked_id =  527111101855830016
ERROR:  sharing is not permissible for this status (Share validations failed)
ERROR: Next post is the error'd one.
POST INFORMATION: id =  527107051634577408 text =  Popcorn orders are turned in (@ Ohio River Vally Council, BSA in Wheeling, WV) https://t.co/6hbXRp23OL
LAST_CHECKED_ID: last_checked_id =  527107051634577408
ERROR:  sharing is not permissible for this status (Share validations failed)
ERROR: Next post is the error'd one.
POST INFORMATION: id =  526901886855954432 text =  RT @PonceDeLeioun: My Big Homie @_TattedUpShawty fittn come show you other artist how we do things in Wheeling Wv this Wednesday! #music ht…
LAST_CHECKED_ID: last_checked_id =  526901886855954432
ERROR:  sharing is not permissible for this status (Share validations failed)
ERROR: Next post is the error'd one.
POST INFORMATION: id =  526898808199061504 text =  I'm at Ohio/West Virginia State Line in Wheeling, WV https://t.co/RhbL9uCoI7
LAST_CHECKED_ID: last_checked_id =  526898808199061504
ERROR:  sharing is not permissible for this status (Share validations failed)
ERROR: Next post is the error'd one.
POST INFORMATION: id =  526863081469538305 text =  RT @PonceDeLeioun: My Big Homie @_TattedUpShawty fittn come show you other artist how we do things in Wheeling Wv this Wednesday! #music ht…
LAST_CHECKED_ID: last_checked_id =  526863081469538305
ERROR:  sharing is not permissible for this status (Share validations failed)
ERROR: Next post is the error'd one.
POST INFORMATION: id =  526855719144796160 text =  My Big Homie @_TattedUpShawty fittn come show you other artist how we do things in Wheeling Wv this Wednesday! #music http://t.co/eMlSnFlGbD
LAST_CHECKED_ID: last_checked_id =  526855719144796160
ERROR:  sharing is not permissible for this status (Share validations failed)
ERROR: Next post is the error'd one.
POST INFORMATION: id =  526733649665081344 text =  Nice fall morning over Wheeling, WV. http://t.co/vqCoFvLwxO
LAST_CHECKED_ID: last_checked_id =  526733649665081344
ERROR:  sharing is not permissible for this status (Share validations failed)
ERROR: Next post is the error'd one.
POST INFORMATION: id =  526726639871614976 text =  My view for the next few days. :) #Wheeling #WV #fall #APCOconference #work #911 #ohyeah… http://t.co/sSYOqtWZ3Y
LAST_CHECKED_ID: last_checked_id =  526726639871614976
SLEEP: Sleeping for  1800  seconds
SLEEP: Finished sleeping. Restarting search.
LAST_CHECKED_ID: last_checked_id =  526726639871614976
ERROR:  sharing is not permissible for this status (Share validations failed)
ERROR: Next post is the error'd one.
POST INFORMATION: id =  527141908095963136 text =  Wish I could be in Wheeling, WV today to take a walk with Brittany and Guinevere. Such a nice day. #perfectweather
LAST_CHECKED_ID: last_checked_id =  527141908095963136
ERROR:  sharing is not permissible for this status (Share validations failed)
ERROR: Next post is the error'd one.
POST INFORMATION: id =  527111101855830016 text =  Sunshine. Fall leaves. What a beautiful day at Wheeling's Heritage Port! #Wheeling #WV #WheelingHeritage http://t.co/eHHCi0ImXG
LAST_CHECKED_ID: last_checked_id =  527111101855830016
ERROR:  sharing is not permissible for this status (Share validations failed)
ERROR: Next post is the error'd one.
POST INFORMATION: id =  527107051634577408 text =  Popcorn orders are turned in (@ Ohio River Vally Council, BSA in Wheeling, WV) https://t.co/6hbXRp23OL
LAST_CHECKED_ID: last_checked_id =  527107051634577408
ERROR:  sharing is not permissible for this status (Share validations failed)
ERROR: Next post is the error'd one.
POST INFORMATION: id =  526901886855954432 text =  RT @PonceDeLeioun: My Big Homie @_TattedUpShawty fittn come show you other artist how we do things in Wheeling Wv this Wednesday! #music ht…
LAST_CHECKED_ID: last_checked_id =  526901886855954432
ERROR:  sharing is not permissible for this status (Share validations failed)
ERROR: Next post is the error'd one.
POST INFORMATION: id =  526898808199061504 text =  I'm at Ohio/West Virginia State Line in Wheeling, WV https://t.co/RhbL9uCoI7
LAST_CHECKED_ID: last_checked_id =  526898808199061504
ERROR:  sharing is not permissible for this status (Share validations failed)
ERROR: Next post is the error'd one.
POST INFORMATION: id =  526863081469538305 text =  RT @PonceDeLeioun: My Big Homie @_TattedUpShawty fittn come show you other artist how we do things in Wheeling Wv this Wednesday! #music ht…
LAST_CHECKED_ID: last_checked_id =  526863081469538305
ERROR:  sharing is not permissible for this status (Share validations failed)
ERROR: Next post is the error'd one.
POST INFORMATION: id =  526855719144796160 text =  My Big Homie @_TattedUpShawty fittn come show you other artist how we do things in Wheeling Wv this Wednesday! #music http://t.co/eMlSnFlGbD
LAST_CHECKED_ID: last_checked_id =  526855719144796160
ERROR:  sharing is not permissible for this status (Share validations failed)
ERROR: Next post is the error'd one.
POST INFORMATION: id =  526733649665081344 text =  Nice fall morning over Wheeling, WV. http://t.co/vqCoFvLwxO
LAST_CHECKED_ID: last_checked_id =  526733649665081344
SLEEP: Sleeping for  1800  seconds
